[2015-12-07 20:46:11.103] [INFO] normal - GET /person/findOrder/758
[2015-12-07 20:46:11.665] [INFO] normal - POST /node/prepareOrder
[2015-12-10 13:33:08.193] [ERROR] normal - GET /favicon.ico
[2015-12-10 13:33:08.396] [INFO] normal - POST /node/token
[2015-12-10 13:33:08.641] [INFO] normal - POST /node/openid
[2015-12-10 13:33:08.661] [INFO] normal - GET /shop/getBasket/49
[2015-12-10 13:33:08.692] [WARN] normal - GET /shop/getCarousel
[2015-12-10 13:33:08.721] [WARN] normal - GET /shop/getCategory
[2015-12-10 13:33:08.752] [INFO] normal - POST /node/information
[2015-12-10 13:33:08.760] [INFO] normal - POST /node/group
[2015-12-10 13:33:08.847] [INFO] normal - GET /shop/getGoods/1/10/3
[2015-12-10 13:33:09.020] [WARN] normal - GET /shop/getGoods/2/10/3
[2015-12-10 13:33:10.642] [WARN] normal - GET /shop/getBasket/49
[2015-12-10 13:33:10.644] [INFO] normal - GET /shop/findGood/47
[2015-12-10 13:33:15.196] [ERROR] normal - GET /lib/ionic/js/angular-sanitize.min.js.map
[2015-12-10 13:33:42.720] [ERROR] normal - GET /lib/ionic/js/angular-sanitize.min.js.map
[2015-12-10 13:33:42.909] [WARN] normal - GET /shop/findGood/47
[2015-12-10 13:33:42.935] [WARN] normal - GET /shop/getBasket/49
[2015-12-10 13:34:28.966] [ERROR] normal - GET /lib/ionic/js/angular-sanitize.min.js.map
[2015-12-10 13:34:29.188] [WARN] normal - GET /shop/getBasket/49
[2015-12-10 13:34:29.196] [WARN] normal - GET /shop/findGood/47
[2015-12-10 13:34:42.745] [ERROR] normal - GET /lib/ionic/js/angular-sanitize.min.js.map
[2015-12-10 13:34:43.096] [WARN] normal - GET /shop/findGood/47
[2015-12-10 13:34:43.100] [WARN] normal - GET /shop/getBasket/49
[2015-12-10 13:36:39.868] [ERROR] normal - GET /lib/ionic/js/angular-sanitize.min.js.map
[2015-12-10 13:36:40.081] [WARN] normal - GET /shop/getBasket/49
[2015-12-10 13:36:40.083] [WARN] normal - GET /shop/findGood/47
[2015-12-10 13:37:43.235] [INFO] normal - POST /node/openid
[2015-12-10 13:37:43.262] [INFO] normal - POST /node/token
[2015-12-10 13:37:43.278] [WARN] normal - GET /shop/getBasket/49
[2015-12-10 13:37:43.339] [WARN] normal - GET /shop/getCarousel
[2015-12-10 13:37:43.347] [WARN] normal - GET /shop/getCategory
[2015-12-10 13:37:43.437] [INFO] normal - POST /node/information
[2015-12-10 13:37:43.449] [INFO] normal - POST /node/group
[2015-12-10 13:37:43.488] [WARN] normal - GET /shop/getGoods/1/10/3
[2015-12-10 13:37:43.646] [WARN] normal - GET /shop/getGoods/2/10/3
[2015-12-10 13:37:44.734] [ERROR] normal - GET /lib/ionic/js/angular-sanitize.min.js.map
[2015-12-10 13:37:45.073] [INFO] normal - POST /node/openid
[2015-12-10 13:37:45.075] [WARN] normal - GET /shop/getBasket/49
[2015-12-10 13:37:45.096] [INFO] normal - POST /node/token
[2015-12-10 13:37:45.118] [WARN] normal - GET /shop/getCarousel
[2015-12-10 13:37:45.140] [WARN] normal - GET /shop/getCategory
[2015-12-10 13:37:45.195] [INFO] normal - POST /node/group
[2015-12-10 13:37:45.200] [INFO] normal - POST /node/information
[2015-12-10 13:37:45.245] [WARN] normal - GET /shop/getGoods/1/10/3
[2015-12-10 13:37:45.455] [WARN] normal - GET /shop/getGoods/2/10/3
[2015-12-10 13:37:47.287] [WARN] normal - GET /shop/getBasket/49
[2015-12-10 13:37:47.314] [WARN] normal - GET /shop/findGood/47
